{
  message: 'App running on port 8000',
  level: 'info',
  timestamp: '2021-11-28 22:34:17'
}
{
  message: 'App running on port 8000',
  level: 'info',
  timestamp: '2021-11-28 22:37:05'
}
{
  message: 'App running on port 8000',
  level: 'info',
  timestamp: '2021-11-28 22:40:34'
}
{
  message: 'App running on port 8000',
  level: 'info',
  timestamp: '2021-11-28 22:40:52'
}
{
  message: 'App running on port 8000',
  level: 'info',
  timestamp: '2021-11-28 22:41:20'
}
{
  message: 'App running on port 8000',
  level: 'info',
  timestamp: '2021-11-28 22:45:47'
}
{
  message: 'App running on port 8000',
  level: 'info',
  timestamp: '2021-11-28 22:47:30'
}
{
  message: 'Error occurred when creating user TypeError: encrypt is not a function',
  level: 'error',
  timestamp: '2021-11-28 22:48:16'
}
{
  message: 'App running on port 8000',
  level: 'info',
  timestamp: '2021-11-28 22:50:39'
}
{
  message: 'Error occurred when creating user ReferenceError: createdUser is not defined',
  level: 'error',
  timestamp: '2021-11-28 22:50:59'
}
{
  message: 'App running on port 8000',
  level: 'info',
  timestamp: '2021-11-28 22:52:15'
}
{
  message: 'Error occurred when creating user ReferenceError: createdUser is not defined',
  level: 'error',
  timestamp: '2021-11-28 22:54:13'
}
{
  message: 'App running on port 8000',
  level: 'info',
  timestamp: '2021-11-28 22:55:25'
}
{
  message: 'App running on port 8000',
  level: 'info',
  timestamp: '2021-11-28 22:56:28'
}
{
  message: 'App running on port 8000',
  level: 'info',
  timestamp: '2021-11-28 22:56:42'
}
{
  message: 'App running on port 8000',
  level: 'info',
  timestamp: '2021-11-28 22:56:57'
}
{
  message: 'App running on port 8000',
  level: 'info',
  timestamp: '2021-11-28 22:57:05'
}
{
  message: 'App running on port 8000',
  level: 'info',
  timestamp: '2021-11-28 22:59:38'
}
{
  message: 'App running on port 8000',
  level: 'info',
  timestamp: '2021-11-28 22:59:45'
}
{
  message: 'App running on port 8000',
  level: 'info',
  timestamp: '2021-11-28 22:59:52'
}
{
  message: 'hashed password undefined',
  level: 'error',
  timestamp: '2021-11-28 22:59:55'
}
{
  message: 'App running on port 8000',
  level: 'info',
  timestamp: '2021-11-28 23:02:27'
}
{
  message: 'App running on port 8000',
  level: 'info',
  timestamp: '2021-11-28 23:02:43'
}
{
  message: 'App running on port 8000',
  level: 'info',
  timestamp: '2021-11-28 23:03:16'
}
{
  message: 'hashed password true',
  level: 'error',
  timestamp: '2021-11-28 23:03:16'
}
{
  message: 'Error occurred when creating user ReferenceError: k is not defined',
  level: 'error',
  timestamp: '2021-11-28 23:03:16'
}
