{
  message: 'hashed password true',
  level: 'error',
  timestamp: '2021-11-28 23:05:28'
}
{
  message: 'Error occurred when creating user ReferenceError: k is not defined',
  level: 'error',
  timestamp: '2021-11-28 23:05:28'
}
{
  message: 'hashed password true',
  level: 'error',
  timestamp: '2021-11-28 23:09:41'
}
{
  message: 'Error occurred when creating user ReferenceError: k is not defined',
  level: 'error',
  timestamp: '2021-11-28 23:09:41'
}
{
  message: 'hashed password true',
  level: 'error',
  timestamp: '2021-11-28 23:11:13'
}
{
  message: 'Error occurred when creating user ReferenceError: k is not defined',
  level: 'error',
  timestamp: '2021-11-28 23:11:13'
}
{
  message: 'Error occurred when creating user ReferenceError: k is not defined',
  level: 'error',
  timestamp: '2021-11-28 23:13:33'
}
{
  message: 'Error occurred when creating user ReferenceError: k is not defined',
  level: 'error',
  timestamp: '2021-11-28 23:14:40'
}
{
  message: 'Error occurred when creating user ReferenceError: k is not defined',
  level: 'error',
  timestamp: '2021-11-28 23:15:13'
}
{
  firstName: 'John',
  lastName: 'Doe',
  email: 'mwas@gmail.com',
  password: true,
  isAdmin: false,
  level: 'error',
  message: 'dkjkjewjf: ',
  timestamp: '2021-11-28 23:15:49'
}
{
  message: 'Error occurred when creating user ReferenceError: k is not defined',
  level: 'error',
  timestamp: '2021-11-28 23:15:49'
}
