{
  message: 'Error occurred when creating user TypeError: encrypt is not a function',
  level: 'error',
  timestamp: '2021-11-28 22:48:16'
}
{
  message: 'Error occurred when creating user ReferenceError: createdUser is not defined',
  level: 'error',
  timestamp: '2021-11-28 22:50:59'
}
{
  message: 'Error occurred when creating user ReferenceError: createdUser is not defined',
  level: 'error',
  timestamp: '2021-11-28 22:54:13'
}
{
  message: 'hashed password undefined',
  level: 'error',
  timestamp: '2021-11-28 22:59:55'
}
{
  message: 'hashed password true',
  level: 'error',
  timestamp: '2021-11-28 23:03:16'
}
{
  message: 'Error occurred when creating user ReferenceError: k is not defined',
  level: 'error',
  timestamp: '2021-11-28 23:03:16'
}
